-------------------------------------------------------------------------------
Test set: TestSuite
-------------------------------------------------------------------------------
Tests run: 2, Failures: 1, Errors: 0, Skipped: 0, Time elapsed: 17.358 s <<< FAILURE! - in TestSuite
SubmitCorrectDetails(com.warpDevelopment.testCases.SubmitCorrectDetails_WD_TC_01)  Time elapsed: 4.057 s  <<< FAILURE!
java.lang.AssertionError: expected [true] but found [false]
	at com.warpDevelopment.testCases.SubmitCorrectDetails_WD_TC_01.SubmitCorrectDetails(SubmitCorrectDetails_WD_TC_01.java:38)

