<?xml version="1.0" encoding="UTF-8"?>
<!-- Generated by org.testng.reporters.JUnitXMLReporter -->
<testsuite hostname="INT-01919" ignored="0" name="Contact US Test" tests="3" failures="2" timestamp="10 Apr 2019 14:24:00 GMT" time="28.095" errors="0">
  <testcase name="ValidateSite_WD_TC_00" time="0.298" classname="com.warpDevelopment.testCases.ValidatePageTest_WD_TC_00"/>
  <testcase name="SubmitCorrectDetails__WD_TC_01" time="4.548" classname="com.warpDevelopment.testCases.SubmitCorrectDetails_WD_TC_01">
    <failure type="java.lang.AssertionError" message="expected [true] but found [false]">
      <![CDATA[java.lang.AssertionError: expected [true] but found [false]
	at com.warpDevelopment.testCases.SubmitCorrectDetails_WD_TC_01.SubmitCorrectDetails__WD_TC_01(SubmitCorrectDetails_WD_TC_01.java:40)
... Removed 29 stack frames]]>
    </failure>
  </testcase> <!-- SubmitCorrectDetails__WD_TC_01 -->
  <testcase name="SubmitMandatoryFieldsOnly_WD_02" time="3.961" classname="com.warpDevelopment.testCases.MandatoryFieldsOnly_WD_02">
    <failure type="java.lang.AssertionError" message="expected [true] but found [false]">
      <![CDATA[java.lang.AssertionError: expected [true] but found [false]
	at com.warpDevelopment.testCases.MandatoryFieldsOnly_WD_02.SubmitMandatoryFieldsOnly_WD_02(MandatoryFieldsOnly_WD_02.java:36)
... Removed 29 stack frames]]>
    </failure>
  </testcase> <!-- SubmitMandatoryFieldsOnly_WD_02 -->
</testsuite> <!-- Contact US Test -->
